
This is EPOS!

Setting up this machine as follows: 
  Mode:         built-in
  Processor:    1 x Cortex A53 (ARMv8-A) at 600 MHz (BUS clock = 600 MHz)
  Machine:      Raspberry Pi3
  Memory:       1031167 KB [0x0000000000000000:0x000000003eefffff]
  User memory:  899360 KB [0x0000000000000000:0x0000000036e48000]
  I/O space:    17408 KB [0x000000003ef00000:0x00000000400000ff]
  Node Id:      will get from the network!
  Position:     will get from the network!
  Setup:        19840 bytes
  Init:         5520 bytes
  OS code:      131048 bytes	data: 2480 bytes    stack: 32768 bytes
  APP code:     131056 bytes	data: 950272 bytes
  Extras:       344064 bytes

The Philosopher's Dinner:
Philosophers are alive and hungry!
The dinner is served ...
0 thinking1 thinking2 thinking3 thinking4 thinking0 hungry 0 eating PANIC!
Machine::reboot()
Machine::reboot()
